  main.cpp
c:\users\radne\desktop\scanproj\demo\world.h(182): warning C4267: '+=': conversion from 'size_t' to 'int', possible loss of data
c:\users\radne\desktop\scanproj\demo\main.cpp(90): warning C4305: 'initializing': truncation from 'double' to 'float'
C:\Program Files (x86)\Microsoft Visual Studio\2017\Enterprise\Common7\IDE\VC\VCTargets\Microsoft.CppBuild.targets(1216,5): warning MSB8012: TargetPath(C:\Users\radne\Desktop\scanProj\demo\x64\Release\Exercise 4.dll) does not match the Linker's OutputFile property value (C:\Users\radne\Desktop\scanProj\demo\x64\Release\UnityDLL.dll). This may cause your project to build incorrectly. To correct this, please make sure that $(OutDir), $(TargetName) and $(TargetExt) property values match the value specified in %(Link.OutputFile).
C:\Program Files (x86)\Microsoft Visual Studio\2017\Enterprise\Common7\IDE\VC\VCTargets\Microsoft.CppBuild.targets(1218,5): warning MSB8012: TargetName(Exercise 4) does not match the Linker's OutputFile property value (UnityDLL). This may cause your project to build incorrectly. To correct this, please make sure that $(OutDir), $(TargetName) and $(TargetExt) property values match the value specified in %(Link.OutputFile).
     Creating library C:\Users\radne\Desktop\scanProj\demo\x64\Release\Exercise 4.lib and object C:\Users\radne\Desktop\scanProj\demo\x64\Release\Exercise 4.exp
  Generating code
  1 of 3816 functions (<0.1%) were compiled, the rest were copied from previous compilation.
    1 functions were new in current compilation
    0 functions had inline decision re-evaluated but remain unchanged
  Finished generating code
ceres_static.lib(problem.obj) : warning LNK4099: PDB 'ceres_static.pdb' was not found with 'ceres_static.lib(problem.obj)' or at 'C:\Users\radne\Desktop\scanProj\demo\x64\Release\ceres_static.pdb'; linking object as if no debug info
ceres_static.lib(problem_impl.obj) : warning LNK4099: PDB 'ceres_static.pdb' was not found with 'ceres_static.lib(problem_impl.obj)' or at 'C:\Users\radne\Desktop\scanProj\demo\x64\Release\ceres_static.pdb'; linking object as if no debug info
ceres_static.lib(residual_block.obj) : warning LNK4099: PDB 'ceres_static.pdb' was not found with 'ceres_static.lib(residual_block.obj)' or at 'C:\Users\radne\Desktop\scanProj\demo\x64\Release\ceres_static.pdb'; linking object as if no debug info
ceres_static.lib(thread_token_provider.obj) : warning LNK4099: PDB 'ceres_static.pdb' was not found with 'ceres_static.lib(thread_token_provider.obj)' or at 'C:\Users\radne\Desktop\scanProj\demo\x64\Release\ceres_static.pdb'; linking object as if no debug info
ceres_static.lib(evaluator.obj) : warning LNK4099: PDB 'ceres_static.pdb' was not found with 'ceres_static.lib(evaluator.obj)' or at 'C:\Users\radne\Desktop\scanProj\demo\x64\Release\ceres_static.pdb'; linking object as if no debug info
ceres_static.lib(program.obj) : warning LNK4099: PDB 'ceres_static.pdb' was not found with 'ceres_static.lib(program.obj)' or at 'C:\Users\radne\Desktop\scanProj\demo\x64\Release\ceres_static.pdb'; linking object as if no debug info
ceres_static.lib(wall_time.obj) : warning LNK4099: PDB 'ceres_static.pdb' was not found with 'ceres_static.lib(wall_time.obj)' or at 'C:\Users\radne\Desktop\scanProj\demo\x64\Release\ceres_static.pdb'; linking object as if no debug info
ceres_static.lib(stringprintf.obj) : warning LNK4099: PDB 'ceres_static.pdb' was not found with 'ceres_static.lib(stringprintf.obj)' or at 'C:\Users\radne\Desktop\scanProj\demo\x64\Release\ceres_static.pdb'; linking object as if no debug info
ceres_static.lib(array_utils.obj) : warning LNK4099: PDB 'ceres_static.pdb' was not found with 'ceres_static.lib(array_utils.obj)' or at 'C:\Users\radne\Desktop\scanProj\demo\x64\Release\ceres_static.pdb'; linking object as if no debug info
ceres_static.lib(compressed_row_sparse_matrix.obj) : warning LNK4099: PDB 'ceres_static.pdb' was not found with 'ceres_static.lib(compressed_row_sparse_matrix.obj)' or at 'C:\Users\radne\Desktop\scanProj\demo\x64\Release\ceres_static.pdb'; linking object as if no debug info
ceres_static.lib(compressed_row_jacobian_writer.obj) : warning LNK4099: PDB 'ceres_static.pdb' was not found with 'ceres_static.lib(compressed_row_jacobian_writer.obj)' or at 'C:\Users\radne\Desktop\scanProj\demo\x64\Release\ceres_static.pdb'; linking object as if no debug info
ceres_static.lib(scratch_evaluate_preparer.obj) : warning LNK4099: PDB 'ceres_static.pdb' was not found with 'ceres_static.lib(scratch_evaluate_preparer.obj)' or at 'C:\Users\radne\Desktop\scanProj\demo\x64\Release\ceres_static.pdb'; linking object as if no debug info
ceres_static.lib(residual_block_utils.obj) : warning LNK4099: PDB 'ceres_static.pdb' was not found with 'ceres_static.lib(residual_block_utils.obj)' or at 'C:\Users\radne\Desktop\scanProj\demo\x64\Release\ceres_static.pdb'; linking object as if no debug info
ceres_static.lib(corrector.obj) : warning LNK4099: PDB 'ceres_static.pdb' was not found with 'ceres_static.lib(corrector.obj)' or at 'C:\Users\radne\Desktop\scanProj\demo\x64\Release\ceres_static.pdb'; linking object as if no debug info
ceres_static.lib(block_jacobian_writer.obj) : warning LNK4099: PDB 'ceres_static.pdb' was not found with 'ceres_static.lib(block_jacobian_writer.obj)' or at 'C:\Users\radne\Desktop\scanProj\demo\x64\Release\ceres_static.pdb'; linking object as if no debug info
ceres_static.lib(block_evaluate_preparer.obj) : warning LNK4099: PDB 'ceres_static.pdb' was not found with 'ceres_static.lib(block_evaluate_preparer.obj)' or at 'C:\Users\radne\Desktop\scanProj\demo\x64\Release\ceres_static.pdb'; linking object as if no debug info
ceres_static.lib(dynamic_compressed_row_jacobian_writer.obj) : warning LNK4099: PDB 'ceres_static.pdb' was not found with 'ceres_static.lib(dynamic_compressed_row_jacobian_writer.obj)' or at 'C:\Users\radne\Desktop\scanProj\demo\x64\Release\ceres_static.pdb'; linking object as if no debug info
ceres_static.lib(dense_sparse_matrix.obj) : warning LNK4099: PDB 'ceres_static.pdb' was not found with 'ceres_static.lib(dense_sparse_matrix.obj)' or at 'C:\Users\radne\Desktop\scanProj\demo\x64\Release\ceres_static.pdb'; linking object as if no debug info
ceres_static.lib(dynamic_compressed_row_sparse_matrix.obj) : warning LNK4099: PDB 'ceres_static.pdb' was not found with 'ceres_static.lib(dynamic_compressed_row_sparse_matrix.obj)' or at 'C:\Users\radne\Desktop\scanProj\demo\x64\Release\ceres_static.pdb'; linking object as if no debug info
ceres_static.lib(triplet_sparse_matrix.obj) : warning LNK4099: PDB 'ceres_static.pdb' was not found with 'ceres_static.lib(triplet_sparse_matrix.obj)' or at 'C:\Users\radne\Desktop\scanProj\demo\x64\Release\ceres_static.pdb'; linking object as if no debug info
ceres_static.lib(sparse_matrix.obj) : warning LNK4099: PDB 'ceres_static.pdb' was not found with 'ceres_static.lib(sparse_matrix.obj)' or at 'C:\Users\radne\Desktop\scanProj\demo\x64\Release\ceres_static.pdb'; linking object as if no debug info
ceres_static.lib(linear_operator.obj) : warning LNK4099: PDB 'ceres_static.pdb' was not found with 'ceres_static.lib(linear_operator.obj)' or at 'C:\Users\radne\Desktop\scanProj\demo\x64\Release\ceres_static.pdb'; linking object as if no debug info
ceres_static.lib(block_structure.obj) : warning LNK4099: PDB 'ceres_static.pdb' was not found with 'ceres_static.lib(block_structure.obj)' or at 'C:\Users\radne\Desktop\scanProj\demo\x64\Release\ceres_static.pdb'; linking object as if no debug info
ceres_static.lib(block_sparse_matrix.obj) : warning LNK4099: PDB 'ceres_static.pdb' was not found with 'ceres_static.lib(block_sparse_matrix.obj)' or at 'C:\Users\radne\Desktop\scanProj\demo\x64\Release\ceres_static.pdb'; linking object as if no debug info
libglog_static.lib(logging.obj) : warning LNK4099: PDB 'libglog_static.pdb' was not found with 'libglog_static.lib(logging.obj)' or at 'C:\Users\radne\Desktop\scanProj\demo\x64\Release\libglog_static.pdb'; linking object as if no debug info
libglog_static.lib(vlog_is_on.obj) : warning LNK4099: PDB 'libglog_static.pdb' was not found with 'libglog_static.lib(vlog_is_on.obj)' or at 'C:\Users\radne\Desktop\scanProj\demo\x64\Release\libglog_static.pdb'; linking object as if no debug info
libglog_static.lib(raw_logging.obj) : warning LNK4099: PDB 'libglog_static.pdb' was not found with 'libglog_static.lib(raw_logging.obj)' or at 'C:\Users\radne\Desktop\scanProj\demo\x64\Release\libglog_static.pdb'; linking object as if no debug info
libglog_static.lib(utilities.obj) : warning LNK4099: PDB 'libglog_static.pdb' was not found with 'libglog_static.lib(utilities.obj)' or at 'C:\Users\radne\Desktop\scanProj\demo\x64\Release\libglog_static.pdb'; linking object as if no debug info
libglog_static.lib(port.obj) : warning LNK4099: PDB 'libglog_static.pdb' was not found with 'libglog_static.lib(port.obj)' or at 'C:\Users\radne\Desktop\scanProj\demo\x64\Release\libglog_static.pdb'; linking object as if no debug info
  Exercise 4.vcxproj -> C:\Users\radne\Desktop\scanProj\demo\x64\Release\Exercise 4.dll
  0 File(s) copied
  0 File(s) copied
